-- The C compiler identification is GNU 11.4.0
-- The CXX compiler identification is GNU 11.4.0
-- Detecting C compiler ABI info
-- Detecting C compiler ABI info - done
-- Check for working C compiler: /usr/bin/cc - skipped
-- Detecting C compile features
-- Detecting C compile features - done
-- Detecting CXX compiler ABI info
-- Detecting CXX compiler ABI info - done
-- Check for working CXX compiler: /usr/bin/c++ - skipped
-- Detecting CXX compile features
-- Detecting CXX compile features - done
-- Found ament_cmake: 1.3.12 (/opt/ros/humble/share/ament_cmake/cmake)
-- Found Python3: /usr/bin/python3 (found version "3.10.12") found components: Interpreter 
-- Override CMake install command with custom implementation using symlinks instead of copying resources
-- Found rclcpp: 16.0.15 (/opt/ros/humble/share/rclcpp/cmake)
-- Found rosidl_generator_c: 3.1.7 (/opt/ros/humble/share/rosidl_generator_c/cmake)
-- Found rosidl_adapter: 3.1.7 (/opt/ros/humble/share/rosidl_adapter/cmake)
-- Found rosidl_generator_cpp: 3.1.7 (/opt/ros/humble/share/rosidl_generator_cpp/cmake)
-- Using all available rosidl_typesupport_c: rosidl_typesupport_fastrtps_c;rosidl_typesupport_introspection_c
-- Using all available rosidl_typesupport_cpp: rosidl_typesupport_fastrtps_cpp;rosidl_typesupport_introspection_cpp
-- Found rmw_implementation_cmake: 6.1.2 (/opt/ros/humble/share/rmw_implementation_cmake/cmake)
-- Found rmw_fastrtps_cpp: 6.2.8 (/opt/ros/humble/share/rmw_fastrtps_cpp/cmake)
-- Found OpenSSL: /usr/lib/x86_64-linux-gnu/libcrypto.so (found version "3.0.2")  
-- Found FastRTPS: /opt/ros/humble/include  
-- Using RMW implementation 'rmw_fastrtps_cpp' as default
-- Looking for pthread.h
-- Looking for pthread.h - found
-- Performing Test CMAKE_HAVE_LIBC_PTHREAD
-- Performing Test CMAKE_HAVE_LIBC_PTHREAD - Success
-- Found Threads: TRUE  
-- Found sensor_msgs: 4.9.0 (/opt/ros/humble/share/sensor_msgs/cmake)
-- Found tf2_ros: 0.25.16 (/opt/ros/humble/share/tf2_ros/cmake)
-- Configuring done
-- Generating done
-- Build files have been written to: /home/vahid-2204/vahid/rplidar_a2m7_ros2/build/rplidar_a2m7
[ 42%] [32mBuilding CXX object CMakeFiles/rplidar_a2m7_node.dir/src/rplidar_a2m7_node.cpp.o[0m
[ 42%] [32mBuilding CXX object CMakeFiles/rplidar_a2m7_node.dir/include/rplidar_a2m7/sdk/src/hal/thread.cpp.o[0m
[ 42%] [32mBuilding CXX object CMakeFiles/rplidar_a2m7_node.dir/include/rplidar_a2m7/sdk/src/rplidar_driver.cpp.o[0m
[ 57%] [32mBuilding CXX object CMakeFiles/rplidar_a2m7_node.dir/include/rplidar_a2m7/sdk/src/arch/linux/net_serial.cpp.o[0m
[ 71%] [32mBuilding CXX object CMakeFiles/rplidar_a2m7_node.dir/include/rplidar_a2m7/sdk/src/arch/linux/net_socket.cpp.o[0m
[ 85%] [32mBuilding CXX object CMakeFiles/rplidar_a2m7_node.dir/include/rplidar_a2m7/sdk/src/arch/linux/timer.cpp.o[0m
[100%] [32m[1mLinking CXX executable rplidar_a2m7_node[0m
[100%] Built target rplidar_a2m7_node
-- Install configuration: ""
-- Execute custom install script
-- Symlinking: /home/vahid-2204/vahid/rplidar_a2m7_ros2/install/rplidar_a2m7/lib/rplidar_a2m7/rplidar_a2m7_node
-- Symlinking: /home/vahid-2204/vahid/rplidar_a2m7_ros2/install/rplidar_a2m7/share/rplidar_a2m7//launch/rplidar_a2m7.launch.xml
-- Symlinking: /home/vahid-2204/vahid/rplidar_a2m7_ros2/install/rplidar_a2m7/share/rplidar_a2m7//config/rplidar_a2m7_params.yaml
-- Symlinking: /home/vahid-2204/vahid/rplidar_a2m7_ros2/install/rplidar_a2m7/share/rplidar_a2m7//rviz/rplidar_a2m7.rviz
-- Symlinking: /home/vahid-2204/vahid/rplidar_a2m7_ros2/install/rplidar_a2m7/include//rplidar_a2m7/rplidar_a2m7_node.hpp
-- Symlinking: /home/vahid-2204/vahid/rplidar_a2m7_ros2/install/rplidar_a2m7/include//rplidar_a2m7/sdk/README.txt
-- Symlinking: /home/vahid-2204/vahid/rplidar_a2m7_ros2/install/rplidar_a2m7/include//rplidar_a2m7/sdk/include/rplidar.h
-- Symlinking: /home/vahid-2204/vahid/rplidar_a2m7_ros2/install/rplidar_a2m7/include//rplidar_a2m7/sdk/include/rplidar_cmd.h
-- Symlinking: /home/vahid-2204/vahid/rplidar_a2m7_ros2/install/rplidar_a2m7/include//rplidar_a2m7/sdk/include/rplidar_driver.h
-- Symlinking: /home/vahid-2204/vahid/rplidar_a2m7_ros2/install/rplidar_a2m7/include//rplidar_a2m7/sdk/include/rplidar_protocol.h
-- Symlinking: /home/vahid-2204/vahid/rplidar_a2m7_ros2/install/rplidar_a2m7/include//rplidar_a2m7/sdk/include/rptypes.h
-- Symlinking: /home/vahid-2204/vahid/rplidar_a2m7_ros2/install/rplidar_a2m7/include//rplidar_a2m7/sdk/src/arch/linux/arch_linux.h
-- Symlinking: /home/vahid-2204/vahid/rplidar_a2m7_ros2/install/rplidar_a2m7/include//rplidar_a2m7/sdk/src/arch/linux/net_serial.cpp
-- Symlinking: /home/vahid-2204/vahid/rplidar_a2m7_ros2/install/rplidar_a2m7/include//rplidar_a2m7/sdk/src/arch/linux/net_serial.h
-- Symlinking: /home/vahid-2204/vahid/rplidar_a2m7_ros2/install/rplidar_a2m7/include//rplidar_a2m7/sdk/src/arch/linux/net_socket.cpp
-- Symlinking: /home/vahid-2204/vahid/rplidar_a2m7_ros2/install/rplidar_a2m7/include//rplidar_a2m7/sdk/src/arch/linux/thread.hpp
-- Symlinking: /home/vahid-2204/vahid/rplidar_a2m7_ros2/install/rplidar_a2m7/include//rplidar_a2m7/sdk/src/arch/linux/timer.cpp
-- Symlinking: /home/vahid-2204/vahid/rplidar_a2m7_ros2/install/rplidar_a2m7/include//rplidar_a2m7/sdk/src/arch/linux/timer.h
-- Symlinking: /home/vahid-2204/vahid/rplidar_a2m7_ros2/install/rplidar_a2m7/include//rplidar_a2m7/sdk/src/arch/macOS/arch_macOS.h
-- Symlinking: /home/vahid-2204/vahid/rplidar_a2m7_ros2/install/rplidar_a2m7/include//rplidar_a2m7/sdk/src/arch/macOS/net_serial.cpp
-- Symlinking: /home/vahid-2204/vahid/rplidar_a2m7_ros2/install/rplidar_a2m7/include//rplidar_a2m7/sdk/src/arch/macOS/net_serial.h
-- Symlinking: /home/vahid-2204/vahid/rplidar_a2m7_ros2/install/rplidar_a2m7/include//rplidar_a2m7/sdk/src/arch/macOS/net_socket.cpp
-- Symlinking: /home/vahid-2204/vahid/rplidar_a2m7_ros2/install/rplidar_a2m7/include//rplidar_a2m7/sdk/src/arch/macOS/thread.hpp
-- Symlinking: /home/vahid-2204/vahid/rplidar_a2m7_ros2/install/rplidar_a2m7/include//rplidar_a2m7/sdk/src/arch/macOS/timer.cpp
-- Symlinking: /home/vahid-2204/vahid/rplidar_a2m7_ros2/install/rplidar_a2m7/include//rplidar_a2m7/sdk/src/arch/macOS/timer.h
-- Symlinking: /home/vahid-2204/vahid/rplidar_a2m7_ros2/install/rplidar_a2m7/include//rplidar_a2m7/sdk/src/arch/win32/arch_win32.h
-- Symlinking: /home/vahid-2204/vahid/rplidar_a2m7_ros2/install/rplidar_a2m7/include//rplidar_a2m7/sdk/src/arch/win32/net_serial.cpp
-- Symlinking: /home/vahid-2204/vahid/rplidar_a2m7_ros2/install/rplidar_a2m7/include//rplidar_a2m7/sdk/src/arch/win32/net_serial.h
-- Symlinking: /home/vahid-2204/vahid/rplidar_a2m7_ros2/install/rplidar_a2m7/include//rplidar_a2m7/sdk/src/arch/win32/net_socket.cpp
-- Symlinking: /home/vahid-2204/vahid/rplidar_a2m7_ros2/install/rplidar_a2m7/include//rplidar_a2m7/sdk/src/arch/win32/timer.cpp
-- Symlinking: /home/vahid-2204/vahid/rplidar_a2m7_ros2/install/rplidar_a2m7/include//rplidar_a2m7/sdk/src/arch/win32/timer.h
-- Symlinking: /home/vahid-2204/vahid/rplidar_a2m7_ros2/install/rplidar_a2m7/include//rplidar_a2m7/sdk/src/arch/win32/winthread.hpp
-- Symlinking: /home/vahid-2204/vahid/rplidar_a2m7_ros2/install/rplidar_a2m7/include//rplidar_a2m7/sdk/src/hal/abs_rxtx.h
-- Symlinking: /home/vahid-2204/vahid/rplidar_a2m7_ros2/install/rplidar_a2m7/include//rplidar_a2m7/sdk/src/hal/assert.h
-- Symlinking: /home/vahid-2204/vahid/rplidar_a2m7_ros2/install/rplidar_a2m7/include//rplidar_a2m7/sdk/src/hal/byteops.h
-- Symlinking: /home/vahid-2204/vahid/rplidar_a2m7_ros2/install/rplidar_a2m7/include//rplidar_a2m7/sdk/src/hal/event.h
-- Symlinking: /home/vahid-2204/vahid/rplidar_a2m7_ros2/install/rplidar_a2m7/include//rplidar_a2m7/sdk/src/hal/locker.h
-- Symlinking: /home/vahid-2204/vahid/rplidar_a2m7_ros2/install/rplidar_a2m7/include//rplidar_a2m7/sdk/src/hal/socket.h
-- Symlinking: /home/vahid-2204/vahid/rplidar_a2m7_ros2/install/rplidar_a2m7/include//rplidar_a2m7/sdk/src/hal/thread.cpp
-- Symlinking: /home/vahid-2204/vahid/rplidar_a2m7_ros2/install/rplidar_a2m7/include//rplidar_a2m7/sdk/src/hal/thread.h
-- Symlinking: /home/vahid-2204/vahid/rplidar_a2m7_ros2/install/rplidar_a2m7/include//rplidar_a2m7/sdk/src/hal/types.h
-- Symlinking: /home/vahid-2204/vahid/rplidar_a2m7_ros2/install/rplidar_a2m7/include//rplidar_a2m7/sdk/src/hal/util.h
-- Symlinking: /home/vahid-2204/vahid/rplidar_a2m7_ros2/install/rplidar_a2m7/include//rplidar_a2m7/sdk/src/rplidar_driver.cpp
-- Symlinking: /home/vahid-2204/vahid/rplidar_a2m7_ros2/install/rplidar_a2m7/include//rplidar_a2m7/sdk/src/rplidar_driver_TCP.h
-- Symlinking: /home/vahid-2204/vahid/rplidar_a2m7_ros2/install/rplidar_a2m7/include//rplidar_a2m7/sdk/src/rplidar_driver_impl.h
-- Symlinking: /home/vahid-2204/vahid/rplidar_a2m7_ros2/install/rplidar_a2m7/include//rplidar_a2m7/sdk/src/rplidar_driver_serial.h
-- Symlinking: /home/vahid-2204/vahid/rplidar_a2m7_ros2/install/rplidar_a2m7/include//rplidar_a2m7/sdk/src/sdkcommon.h
-- Symlinking: /home/vahid-2204/vahid/rplidar_a2m7_ros2/install/rplidar_a2m7/share/ament_index/resource_index/package_run_dependencies/rplidar_a2m7
-- Symlinking: /home/vahid-2204/vahid/rplidar_a2m7_ros2/install/rplidar_a2m7/share/ament_index/resource_index/parent_prefix_path/rplidar_a2m7
-- Symlinking: /home/vahid-2204/vahid/rplidar_a2m7_ros2/install/rplidar_a2m7/share/rplidar_a2m7/environment/ament_prefix_path.sh
-- Symlinking: /home/vahid-2204/vahid/rplidar_a2m7_ros2/install/rplidar_a2m7/share/rplidar_a2m7/environment/ament_prefix_path.dsv
-- Symlinking: /home/vahid-2204/vahid/rplidar_a2m7_ros2/install/rplidar_a2m7/share/rplidar_a2m7/environment/path.sh
-- Symlinking: /home/vahid-2204/vahid/rplidar_a2m7_ros2/install/rplidar_a2m7/share/rplidar_a2m7/environment/path.dsv
-- Symlinking: /home/vahid-2204/vahid/rplidar_a2m7_ros2/install/rplidar_a2m7/share/rplidar_a2m7/local_setup.bash
-- Symlinking: /home/vahid-2204/vahid/rplidar_a2m7_ros2/install/rplidar_a2m7/share/rplidar_a2m7/local_setup.sh
-- Symlinking: /home/vahid-2204/vahid/rplidar_a2m7_ros2/install/rplidar_a2m7/share/rplidar_a2m7/local_setup.zsh
-- Symlinking: /home/vahid-2204/vahid/rplidar_a2m7_ros2/install/rplidar_a2m7/share/rplidar_a2m7/local_setup.dsv
-- Symlinking: /home/vahid-2204/vahid/rplidar_a2m7_ros2/install/rplidar_a2m7/share/rplidar_a2m7/package.dsv
-- Symlinking: /home/vahid-2204/vahid/rplidar_a2m7_ros2/install/rplidar_a2m7/share/ament_index/resource_index/packages/rplidar_a2m7
-- Symlinking: /home/vahid-2204/vahid/rplidar_a2m7_ros2/install/rplidar_a2m7/share/rplidar_a2m7/cmake/rplidar_a2m7Config.cmake
-- Symlinking: /home/vahid-2204/vahid/rplidar_a2m7_ros2/install/rplidar_a2m7/share/rplidar_a2m7/cmake/rplidar_a2m7Config-version.cmake
-- Symlinking: /home/vahid-2204/vahid/rplidar_a2m7_ros2/install/rplidar_a2m7/share/rplidar_a2m7/package.xml
